<?xml version="1.0" encoding="UTF-8"?>
<testng-results ignored="0" total="4" passed="4" failed="0" skipped="0">
  <reporter-output>
  </reporter-output>
  <suite started-at="2022-11-07T16:38:25 IST" name="Default suite" finished-at="2022-11-07T16:39:32 IST" duration-ms="66786">
    <groups>
    </groups>
    <test started-at="2022-11-07T16:38:25 IST" name="Default test" finished-at="2022-11-07T16:39:32 IST" duration-ms="66786">
      <class name="baseclass.BaseClass">
        <test-method signature="OpenBrowser()[pri:0, instance:baseclass.BaseClass@5158b42f]" started-at="2022-11-07T16:38:26 IST" name="OpenBrowser" finished-at="2022-11-07T16:39:28 IST" duration-ms="62488" status="PASS">
          <reporter-output>
          </reporter-output>
        </test-method> <!-- OpenBrowser -->
        <test-method signature="CheckReleaseDate()[pri:1, instance:baseclass.BaseClass@5158b42f]" started-at="2022-11-07T16:39:28 IST" name="CheckReleaseDate" finished-at="2022-11-07T16:39:29 IST" duration-ms="826" status="PASS">
          <reporter-output>
          </reporter-output>
        </test-method> <!-- CheckReleaseDate -->
        <test-method signature="CheckCountryName()[pri:2, instance:baseclass.BaseClass@5158b42f]" started-at="2022-11-07T16:39:29 IST" name="CheckCountryName" finished-at="2022-11-07T16:39:29 IST" duration-ms="76" status="PASS">
          <reporter-output>
          </reporter-output>
        </test-method> <!-- CheckCountryName -->
        <test-method signature="closeBrowser()[pri:3, instance:baseclass.BaseClass@5158b42f]" started-at="2022-11-07T16:39:29 IST" name="closeBrowser" finished-at="2022-11-07T16:39:32 IST" duration-ms="3157" status="PASS">
          <reporter-output>
          </reporter-output>
        </test-method> <!-- closeBrowser -->
      </class> <!-- baseclass.BaseClass -->
    </test> <!-- Default test -->
  </suite> <!-- Default suite -->
</testng-results>
