<?xml version="1.0" encoding="UTF-8"?>
<!-- Generated by org.testng.reporters.JUnitXMLReporter -->
<testsuite ignored="0" hostname="DESKTOP-5M4OGG2" failures="0" tests="4" name="Default test" time="66.786" errors="0" timestamp="2022-11-07T16:39:32 IST">
  <testcase classname="baseclass.BaseClass" name="OpenBrowser" time="62.488"/>
  <testcase classname="baseclass.BaseClass" name="CheckReleaseDate" time="0.826"/>
  <testcase classname="baseclass.BaseClass" name="CheckCountryName" time="0.076"/>
  <testcase classname="baseclass.BaseClass" name="closeBrowser" time="3.157"/>
</testsuite> <!-- Default test -->
